{"stats":{"suites":4,"tests":12,"passes":12,"pending":0,"failures":0,"testsRegistered":12,"passPercent":100,"pendingPercent":0,"other":0,"hasOther":false,"skipped":0,"hasSkipped":false,"start":"2023-03-27T08:53:43.341Z","end":"2023-03-27T08:59:37.305Z","duration":353964},"results":[{"uuid":"b246dcf6-405c-44d3-ae7e-ffc26546406d","title":"","fullFile":"cypress\\e2e\\home_page.cy.js","file":"cypress\\e2e\\home_page.cy.js","beforeHooks":[],"afterHooks":[],"tests":[],"suites":[{"uuid":"a84f5735-4a3a-4bd8-b924-1263f52d5380","title":"Home Page","fullFile":"","file":"","beforeHooks":[],"afterHooks":[],"tests":[{"title":"Dashboard Header","fullTitle":"Home Page Dashboard Header","timedOut":null,"duration":51317,"state":"passed","speed":"slow","pass":true,"fail":false,"pending":false,"context":null,"code":"// tc-1\ncy.get('h6:contains(\"Dashboard\")').should('have.text', 'Dashboard');\n// tc-2\ncy.get('span[class=\"oxd-userdropdown-tab\"]').should('be.visible');\n// tc-3\ncy.get('img[class=\"oxd-userdropdown-img\"]').should('be.visible');\n// tc-4\ncy.get('p[class=\"oxd-userdropdown-name\"]').should('be.visible');","err":{},"uuid":"78adba52-a7b6-4a81-a66d-f64ff34bc1db","parentUUID":"a84f5735-4a3a-4bd8-b924-1263f52d5380","isHook":false,"skipped":false},{"title":"Side Navbar","fullTitle":"Home Page Side Navbar","timedOut":null,"duration":10357,"state":"passed","speed":"slow","pass":true,"fail":false,"pending":false,"context":null,"code":"// tc-5\ncy.get('nav[aria-label=\"Sidepanel\"]').should('be.visible');\n// tc-6\ncy.get('button[class=\"oxd-icon-button oxd-main-menu-button\"]').should('be.visible');\n// tc-7\ncy.get('img[alt=\"client brand banner\"]').should('be.visible');\n// tc-8\ncy.get('*[class=\"oxd-icon oxd-menu-icon\"]').should('be.visible');\n// tc-9\ncy.get('input[placeholder=\"Search\"]').should('be.visible');\n// tc-10\ncy.get(':nth-child(1) > .oxd-main-menu-item > .oxd-icon').should('be.visible');\n// tc-11\ncy.get('span:contains(\"Admin\")').should('have.text', 'Admin');\n// tc-12\ncy.get(':nth-child(2) > .oxd-main-menu-item > .oxd-icon').should('be.visible');\n// tc-13\ncy.get('span:contains(\"PIM\")').should('have.text', 'PIM');\n// tc-14\ncy.get(':nth-child(3) > .oxd-main-menu-item > .oxd-icon').should('be.visible');\n// tc-15\ncy.get('span:contains(\"Leave\")').should('have.text', 'Leave');\n// tc-16\ncy.get(':nth-child(4) > .oxd-main-menu-item > .oxd-icon').should('be.visible');\n// tc-17\ncy.get('span:contains(\"Time\")').should('have.text', 'Time');\n// tc-18\ncy.get(':nth-child(5) > .oxd-main-menu-item > .oxd-icon').should('be.visible');\n// tc-19\ncy.get('span:contains(\"Recruitment\")').should('have.text', 'Recruitment');\n// tc-20\ncy.get(':nth-child(6) > .oxd-main-menu-item > .oxd-icon').should('be.visible');\n// tc-21\ncy.get('span:contains(\"My Info\")').should('have.text', 'My Info');\n// tc-22\ncy.get(':nth-child(7) > .oxd-main-menu-item > .oxd-icon').should('be.visible');\n// tc-23\ncy.get('span:contains(\"Performance\")').should('have.text', 'Performance');\n// tc-24\ncy.get(':nth-child(8) > .oxd-main-menu-item > .oxd-icon').should('be.visible');\n// tc-25\ncy.get('span:contains(\"Dashboard\")').should('have.text', 'DashboardDashboard');\n// tc-26\ncy.get(':nth-child(9) > .oxd-main-menu-item > .oxd-icon').should('be.visible');\n// tc-27\ncy.get('span:contains(\"Directory\")').should('have.text', 'Directory');\n// tc-28\ncy.get(':nth-child(10) > .oxd-main-menu-item > .oxd-icon').should('be.visible');\n// tc-29\ncy.get('span:contains(\"Maintenance\")').should('have.text', 'Maintenance');\n// tc-30\ncy.get(':nth-child(11) > .oxd-main-menu-item > .oxd-icon').should('be.visible');\n// tc-31\ncy.get('span:contains(\"Buzz\")').should('have.text', 'Buzz');\n// tc-32\ncy.get('button[class=\"oxd-icon-button oxd-main-menu-button\"]').click();\n// tc-33\ncy.get('img[alt=\"client brand logo\"]').should('be.visible');","err":{},"uuid":"5712c9dc-7b5b-43cd-8476-57b98f79f131","parentUUID":"a84f5735-4a3a-4bd8-b924-1263f52d5380","isHook":false,"skipped":false},{"title":"Dashboard Page","fullTitle":"Home Page Dashboard Page","timedOut":null,"duration":10535,"state":"passed","speed":"slow","pass":true,"fail":false,"pending":false,"context":null,"code":"// tc-34\ncy.get('p:contains(\"Time at Work\")').should('have.text', 'Time at Work');\n// tc-35\ncy.get('p:contains(\"My Actions\")').should('have.text', 'My Actions');\n// tc-36\ncy.get('p:contains(\"Quick Launch\")').should('have.text', 'Quick Launch');\n// tc-37\ncy.get('p:contains(\"Buzz Latest Posts\")').should('have.text', 'Buzz Latest Posts');\n// tc-38\ncy.get('p:contains(\"Employees on Leave Today\")').should('have.text', 'Employees on Leave Today');\n// tc-39\ncy.get('p:contains(\"Employee Distribution by Sub Unit\")').should('have.text', 'Employee Distribution by Sub Unit');\n// tc-40\ncy.get('p:contains(\"Employee Distribution by Location\")').should('have.text', 'Employee Distribution by Location');","err":{},"uuid":"4e961e8b-a9a0-4f9f-ba6b-ee0c9bde5945","parentUUID":"a84f5735-4a3a-4bd8-b924-1263f52d5380","isHook":false,"skipped":false}],"suites":[],"passes":["78adba52-a7b6-4a81-a66d-f64ff34bc1db","5712c9dc-7b5b-43cd-8476-57b98f79f131","4e961e8b-a9a0-4f9f-ba6b-ee0c9bde5945"],"failures":[],"pending":[],"skipped":[],"duration":72209,"root":false,"rootEmpty":false,"_timeout":2000}],"passes":[],"failures":[],"pending":[],"skipped":[],"duration":0,"root":true,"rootEmpty":true,"_timeout":2000},{"uuid":"925000d6-1b0e-49a5-9874-f118331f0bac","title":"","fullFile":"cypress\\e2e\\login_page.cy.js","file":"cypress\\e2e\\login_page.cy.js","beforeHooks":[],"afterHooks":[],"tests":[],"suites":[{"uuid":"26c2e089-b649-4f2a-b55b-cb745bb07bc9","title":"Login Page","fullFile":"","file":"","beforeHooks":[],"afterHooks":[],"tests":[{"title":"Logo and Title","fullTitle":"Login Page Logo and Title","timedOut":null,"duration":26347,"state":"passed","speed":"slow","pass":true,"fail":false,"pending":false,"context":null,"code":"// tc-1\ncy.get('img[alt=\"company-branding\"]').should('have.attr', 'alt', 'company-branding');\n// tc-2\ncy.get('h5:contains(\"Login\")').should('have.text', 'Login');\n// tc-3\ncy.get('div[class=\"oxd-sheet oxd-sheet--rounded oxd-sheet--gutters oxd-sheet--gray-lighten-2 ' + 'orangehrm-demo-credentials\"]').should('be.visible');\n// tc-4\ncy.get('p:contains(\"Username : Admin\")').should('have.text', 'Username : Admin');\n// tc-5\ncy.get('p:contains(\"Password : admin123\")').should('have.text', 'Password : admin123');\n// tc-6\ncy.get('i[class=\"oxd-icon bi-person oxd-input-group__label-icon\"]').should('be.visible');\n// tc-7\ncy.get('label:contains(\"Username\")').should('have.text', 'Username');\n// tc-8\ncy.get('input[placeholder=\"Username\"]').should('be.visible');\n// tc-9\ncy.get('i[class=\"oxd-icon bi-key oxd-input-group__label-icon\"]').should('be.visible');\n// tc-10\ncy.get('label:contains(\"Password\")').should('have.text', 'Password');\n// tc-11\ncy.get('input[placeholder=\"Password\"]').should('be.visible');\n// tc-12\ncy.get('button:contains(\" Login \")').should('be.visible');\n// tc-13\ncy.get('p:contains(\"Forgot your password? \")').should('have.text', 'Forgot your password? ');\n// tc-14\ncy.get('div[class=\"orangehrm-copyright-wrapper\"]').should('be.visible');\n// tc-15\ncy.get('a[href=\"https://www.linkedin.com/company/orangehrm/mycompany/\"]').should('be.visible');\n// tc-16\ncy.get('a[href=\"https://www.facebook.com/OrangeHRM/\"]').should('be.visible');\n// tc-17\ncy.get('a[href=\"https://twitter.com/orangehrm?lang=en\"]').should('be.visible');\n// tc-18\ncy.get('a[href=\"https://www.youtube.com/c/OrangeHRMInc\"]').should('be.visible');","err":{},"uuid":"ca650aa4-8fc1-4560-a309-304cf013a7a1","parentUUID":"26c2e089-b649-4f2a-b55b-cb745bb07bc9","isHook":false,"skipped":false},{"title":"Incorrect Login","fullTitle":"Login Page Incorrect Login","timedOut":null,"duration":29484,"state":"passed","speed":"slow","pass":true,"fail":false,"pending":false,"context":null,"code":"// tc-19\ncy.get('input[placeholder=\"Username\"]').type('testuser');\n// tc-20\ncy.get('input[placeholder=\"Username\"]').should('have.value', 'testuser');\n// tc-21\ncy.get('input[placeholder=\"Password\"]').type(Cypress.env('password'));\n// tc-22\ncy.get('input[placeholder=\"Password\"]').should('have.value', Cypress.env('password'));\n// tc-23\ncy.get('button:contains(\" Login \")').click();\n// tc-24\ncy.get('p:contains(\"Invalid credentials\")').should('have.text', 'Invalid credentials');\n// tc-25\ncy.get('input[placeholder=\"Username\"]').clear();\ncy.get('input[placeholder=\"Password\"]').clear();\n// tc-26\ncy.get('input[placeholder=\"Username\"]').type(Cypress.env('username'));\n// tc-27\ncy.get('input[placeholder=\"Username\"]').should('have.value', Cypress.env('username'));\n// tc-28\ncy.get('input[placeholder=\"Password\"]').type('testpassword');\n// tc-29\ncy.get('input[placeholder=\"Password\"]').should('have.value', 'testpassword');\n// tc-30\ncy.get('button:contains(\" Login \")').click();\n// tc-31\ncy.get('p:contains(\"Invalid credentials\")').should('have.text', 'Invalid credentials');","err":{},"uuid":"51c06775-7ba6-4831-88b4-b61ba42e7f5a","parentUUID":"26c2e089-b649-4f2a-b55b-cb745bb07bc9","isHook":false,"skipped":false},{"title":"Login and Logout","fullTitle":"Login Page Login and Logout","timedOut":null,"duration":51661,"state":"passed","speed":"slow","pass":true,"fail":false,"pending":false,"context":null,"code":"// tc-32\ncy.get('input[placeholder=\"Username\"]').type(Cypress.env('username'));\n// tc-33\ncy.get('input[placeholder=\"Username\"]').should('have.value', Cypress.env('username'));\n// tc-34\ncy.get('input[placeholder=\"Password\"]').type(Cypress.env('password'));\n// tc-35\ncy.get('input[placeholder=\"Password\"]').should('have.value', Cypress.env('password'));\n// tc-36\ncy.get('button:contains(\" Login \")').click();\n// tc-37\ncy.get('h6:contains(\"Dashboard\")').should('have.text', 'Dashboard');\n// tc-38\ncy.get('span[class=\"oxd-userdropdown-tab\"]').should('be.visible');\n// tc-39\ncy.get('img[class=\"oxd-userdropdown-img\"]').should('be.visible');\n// tc-40\ncy.get('p[class=\"oxd-userdropdown-name\"]').should('be.visible');\n// tc-41\ncy.get('span[class=\"oxd-userdropdown-tab\"]').click();\n// tc-42\ncy.get('ul[role=\"menu\"]').should('be.visible');\n// tc-43\ncy.get('a:contains(\"About\")').should('have.text', 'About');\n// tc-44\ncy.get('a:contains(\"Support\")').should('have.text', 'Support');\n// tc-45\ncy.get('a:contains(\"Change Password\")').should('have.text', 'Change Password');\n// tc-46\ncy.get('a:contains(\"Logout\")').should('have.text', 'Logout');\n// tc-47 TODO: TypeError needs to be fixed\n// cy.get('a:contains(\"Logout\")').click()\n// tc-48\n// cy.get('h5:contains(\"Login\")').should('have.text', 'Login').wait(1000)","err":{},"uuid":"ba7ae105-d772-4f73-9db7-d494cacf28c4","parentUUID":"26c2e089-b649-4f2a-b55b-cb745bb07bc9","isHook":false,"skipped":false}],"suites":[],"passes":["ca650aa4-8fc1-4560-a309-304cf013a7a1","51c06775-7ba6-4831-88b4-b61ba42e7f5a","ba7ae105-d772-4f73-9db7-d494cacf28c4"],"failures":[],"pending":[],"skipped":[],"duration":107492,"root":false,"rootEmpty":false,"_timeout":2000}],"passes":[],"failures":[],"pending":[],"skipped":[],"duration":0,"root":true,"rootEmpty":true,"_timeout":2000},{"uuid":"46b184a0-651d-42c0-a097-e4d712dbe302","title":"","fullFile":"cypress\\e2e\\home_page.cy.js","file":"cypress\\e2e\\home_page.cy.js","beforeHooks":[],"afterHooks":[],"tests":[],"suites":[{"uuid":"b184db2b-2984-48ca-a5a5-89e903283bb9","title":"Home Page","fullFile":"","file":"","beforeHooks":[],"afterHooks":[],"tests":[{"title":"Dashboard Header","fullTitle":"Home Page Dashboard Header","timedOut":null,"duration":33317,"state":"passed","speed":"slow","pass":true,"fail":false,"pending":false,"context":null,"code":"// tc-1\ncy.get('h6:contains(\"Dashboard\")').should('have.text', 'Dashboard');\n// tc-2\ncy.get('span[class=\"oxd-userdropdown-tab\"]').should('be.visible');\n// tc-3\ncy.get('img[class=\"oxd-userdropdown-img\"]').should('be.visible');\n// tc-4\ncy.get('p[class=\"oxd-userdropdown-name\"]').should('be.visible');","err":{},"uuid":"3aea45a7-a4aa-4bc8-ba98-ab5e3c87a5dd","parentUUID":"b184db2b-2984-48ca-a5a5-89e903283bb9","isHook":false,"skipped":false},{"title":"Side Navbar","fullTitle":"Home Page Side Navbar","timedOut":null,"duration":18993,"state":"passed","speed":"slow","pass":true,"fail":false,"pending":false,"context":null,"code":"// tc-5\ncy.get('nav[aria-label=\"Sidepanel\"]').should('be.visible');\n// tc-6\ncy.get('button[class=\"oxd-icon-button oxd-main-menu-button\"]').should('be.visible');\n// tc-7\ncy.get('img[alt=\"client brand banner\"]').should('be.visible');\n// tc-8\ncy.get('*[class=\"oxd-icon oxd-menu-icon\"]').should('be.visible');\n// tc-9\ncy.get('input[placeholder=\"Search\"]').should('be.visible');\n// tc-10\ncy.get(':nth-child(1) > .oxd-main-menu-item > .oxd-icon').should('be.visible');\n// tc-11\ncy.get('span:contains(\"Admin\")').should('have.text', 'Admin');\n// tc-12\ncy.get(':nth-child(2) > .oxd-main-menu-item > .oxd-icon').should('be.visible');\n// tc-13\ncy.get('span:contains(\"PIM\")').should('have.text', 'PIM');\n// tc-14\ncy.get(':nth-child(3) > .oxd-main-menu-item > .oxd-icon').should('be.visible');\n// tc-15\ncy.get('span:contains(\"Leave\")').should('have.text', 'Leave');\n// tc-16\ncy.get(':nth-child(4) > .oxd-main-menu-item > .oxd-icon').should('be.visible');\n// tc-17\ncy.get('span:contains(\"Time\")').should('have.text', 'Time');\n// tc-18\ncy.get(':nth-child(5) > .oxd-main-menu-item > .oxd-icon').should('be.visible');\n// tc-19\ncy.get('span:contains(\"Recruitment\")').should('have.text', 'Recruitment');\n// tc-20\ncy.get(':nth-child(6) > .oxd-main-menu-item > .oxd-icon').should('be.visible');\n// tc-21\ncy.get('span:contains(\"My Info\")').should('have.text', 'My Info');\n// tc-22\ncy.get(':nth-child(7) > .oxd-main-menu-item > .oxd-icon').should('be.visible');\n// tc-23\ncy.get('span:contains(\"Performance\")').should('have.text', 'Performance');\n// tc-24\ncy.get(':nth-child(8) > .oxd-main-menu-item > .oxd-icon').should('be.visible');\n// tc-25\ncy.get('span:contains(\"Dashboard\")').should('have.text', 'DashboardDashboard');\n// tc-26\ncy.get(':nth-child(9) > .oxd-main-menu-item > .oxd-icon').should('be.visible');\n// tc-27\ncy.get('span:contains(\"Directory\")').should('have.text', 'Directory');\n// tc-28\ncy.get(':nth-child(10) > .oxd-main-menu-item > .oxd-icon').should('be.visible');\n// tc-29\ncy.get('span:contains(\"Maintenance\")').should('have.text', 'Maintenance');\n// tc-30\ncy.get(':nth-child(11) > .oxd-main-menu-item > .oxd-icon').should('be.visible');\n// tc-31\ncy.get('span:contains(\"Buzz\")').should('have.text', 'Buzz');\n// tc-32\ncy.get('button[class=\"oxd-icon-button oxd-main-menu-button\"]').click();\n// tc-33\ncy.get('img[alt=\"client brand logo\"]').should('be.visible');","err":{},"uuid":"50db0793-fd47-4e30-a8a2-2003fb1903c9","parentUUID":"b184db2b-2984-48ca-a5a5-89e903283bb9","isHook":false,"skipped":false},{"title":"Dashboard Page","fullTitle":"Home Page Dashboard Page","timedOut":null,"duration":12660,"state":"passed","speed":"slow","pass":true,"fail":false,"pending":false,"context":null,"code":"// tc-34\ncy.get('p:contains(\"Time at Work\")').should('have.text', 'Time at Work');\n// tc-35\ncy.get('p:contains(\"My Actions\")').should('have.text', 'My Actions');\n// tc-36\ncy.get('p:contains(\"Quick Launch\")').should('have.text', 'Quick Launch');\n// tc-37\ncy.get('p:contains(\"Buzz Latest Posts\")').should('have.text', 'Buzz Latest Posts');\n// tc-38\ncy.get('p:contains(\"Employees on Leave Today\")').should('have.text', 'Employees on Leave Today');\n// tc-39\ncy.get('p:contains(\"Employee Distribution by Sub Unit\")').should('have.text', 'Employee Distribution by Sub Unit');\n// tc-40\ncy.get('p:contains(\"Employee Distribution by Location\")').should('have.text', 'Employee Distribution by Location');","err":{},"uuid":"054f3164-0a95-4860-8171-acabf1409090","parentUUID":"b184db2b-2984-48ca-a5a5-89e903283bb9","isHook":false,"skipped":false}],"suites":[],"passes":["3aea45a7-a4aa-4bc8-ba98-ab5e3c87a5dd","50db0793-fd47-4e30-a8a2-2003fb1903c9","054f3164-0a95-4860-8171-acabf1409090"],"failures":[],"pending":[],"skipped":[],"duration":64970,"root":false,"rootEmpty":false,"_timeout":2000}],"passes":[],"failures":[],"pending":[],"skipped":[],"duration":0,"root":true,"rootEmpty":true,"_timeout":2000},{"uuid":"7a1b74ed-5fc8-4110-a757-ff50fb87bca5","title":"","fullFile":"cypress\\e2e\\login_page.cy.js","file":"cypress\\e2e\\login_page.cy.js","beforeHooks":[],"afterHooks":[],"tests":[],"suites":[{"uuid":"b1e631a9-0371-4951-8708-5cbdd57eaaea","title":"Login Page","fullFile":"","file":"","beforeHooks":[],"afterHooks":[],"tests":[{"title":"Logo and Title","fullTitle":"Login Page Logo and Title","timedOut":null,"duration":30543,"state":"passed","speed":"slow","pass":true,"fail":false,"pending":false,"context":null,"code":"// tc-1\ncy.get('img[alt=\"company-branding\"]').should('have.attr', 'alt', 'company-branding');\n// tc-2\ncy.get('h5:contains(\"Login\")').should('have.text', 'Login');\n// tc-3\ncy.get('div[class=\"oxd-sheet oxd-sheet--rounded oxd-sheet--gutters oxd-sheet--gray-lighten-2 ' + 'orangehrm-demo-credentials\"]').should('be.visible');\n// tc-4\ncy.get('p:contains(\"Username : Admin\")').should('have.text', 'Username : Admin');\n// tc-5\ncy.get('p:contains(\"Password : admin123\")').should('have.text', 'Password : admin123');\n// tc-6\ncy.get('i[class=\"oxd-icon bi-person oxd-input-group__label-icon\"]').should('be.visible');\n// tc-7\ncy.get('label:contains(\"Username\")').should('have.text', 'Username');\n// tc-8\ncy.get('input[placeholder=\"Username\"]').should('be.visible');\n// tc-9\ncy.get('i[class=\"oxd-icon bi-key oxd-input-group__label-icon\"]').should('be.visible');\n// tc-10\ncy.get('label:contains(\"Password\")').should('have.text', 'Password');\n// tc-11\ncy.get('input[placeholder=\"Password\"]').should('be.visible');\n// tc-12\ncy.get('button:contains(\" Login \")').should('be.visible');\n// tc-13\ncy.get('p:contains(\"Forgot your password? \")').should('have.text', 'Forgot your password? ');\n// tc-14\ncy.get('div[class=\"orangehrm-copyright-wrapper\"]').should('be.visible');\n// tc-15\ncy.get('a[href=\"https://www.linkedin.com/company/orangehrm/mycompany/\"]').should('be.visible');\n// tc-16\ncy.get('a[href=\"https://www.facebook.com/OrangeHRM/\"]').should('be.visible');\n// tc-17\ncy.get('a[href=\"https://twitter.com/orangehrm?lang=en\"]').should('be.visible');\n// tc-18\ncy.get('a[href=\"https://www.youtube.com/c/OrangeHRMInc\"]').should('be.visible');","err":{},"uuid":"73649974-eb4d-48b9-a71d-8730f5e9cdbc","parentUUID":"b1e631a9-0371-4951-8708-5cbdd57eaaea","isHook":false,"skipped":false},{"title":"Incorrect Login","fullTitle":"Login Page Incorrect Login","timedOut":null,"duration":53337,"state":"passed","speed":"slow","pass":true,"fail":false,"pending":false,"context":null,"code":"// tc-19\ncy.get('input[placeholder=\"Username\"]').type('testuser');\n// tc-20\ncy.get('input[placeholder=\"Username\"]').should('have.value', 'testuser');\n// tc-21\ncy.get('input[placeholder=\"Password\"]').type(Cypress.env('password'));\n// tc-22\ncy.get('input[placeholder=\"Password\"]').should('have.value', Cypress.env('password'));\n// tc-23\ncy.get('button:contains(\" Login \")').click();\n// tc-24\ncy.get('p:contains(\"Invalid credentials\")').should('have.text', 'Invalid credentials');\n// tc-25\ncy.get('input[placeholder=\"Username\"]').clear();\ncy.get('input[placeholder=\"Password\"]').clear();\n// tc-26\ncy.get('input[placeholder=\"Username\"]').type(Cypress.env('username'));\n// tc-27\ncy.get('input[placeholder=\"Username\"]').should('have.value', Cypress.env('username'));\n// tc-28\ncy.get('input[placeholder=\"Password\"]').type('testpassword');\n// tc-29\ncy.get('input[placeholder=\"Password\"]').should('have.value', 'testpassword');\n// tc-30\ncy.get('button:contains(\" Login \")').click();\n// tc-31\ncy.get('p:contains(\"Invalid credentials\")').should('have.text', 'Invalid credentials');","err":{},"uuid":"28c4961c-ff0c-4ad0-aeef-455acf59660f","parentUUID":"b1e631a9-0371-4951-8708-5cbdd57eaaea","isHook":false,"skipped":false},{"title":"Login and Logout","fullTitle":"Login Page Login and Logout","timedOut":null,"duration":4468,"state":"passed","speed":"fast","pass":true,"fail":false,"pending":false,"context":null,"code":"// tc-32\ncy.get('input[placeholder=\"Username\"]').type(Cypress.env('username'));\n// tc-33\ncy.get('input[placeholder=\"Username\"]').should('have.value', Cypress.env('username'));\n// tc-34\ncy.get('input[placeholder=\"Password\"]').type(Cypress.env('password'));\n// tc-35\ncy.get('input[placeholder=\"Password\"]').should('have.value', Cypress.env('password'));\n// tc-36\ncy.get('button:contains(\" Login \")').click();\n// tc-37\ncy.get('h6:contains(\"Dashboard\")').should('have.text', 'Dashboard');\n// tc-38\ncy.get('span[class=\"oxd-userdropdown-tab\"]').should('be.visible');\n// tc-39\ncy.get('img[class=\"oxd-userdropdown-img\"]').should('be.visible');\n// tc-40\ncy.get('p[class=\"oxd-userdropdown-name\"]').should('be.visible');\n// tc-41\ncy.get('span[class=\"oxd-userdropdown-tab\"]').click();\n// tc-42\ncy.get('ul[role=\"menu\"]').should('be.visible');\n// tc-43\ncy.get('a:contains(\"About\")').should('have.text', 'About');\n// tc-44\ncy.get('a:contains(\"Support\")').should('have.text', 'Support');\n// tc-45\ncy.get('a:contains(\"Change Password\")').should('have.text', 'Change Password');\n// tc-46\ncy.get('a:contains(\"Logout\")').should('have.text', 'Logout');\n// tc-47 TODO: TypeError needs to be fixed\n// cy.get('a:contains(\"Logout\")').click()\n// tc-48\n// cy.get('h5:contains(\"Login\")').should('have.text', 'Login').wait(1000)","err":{},"uuid":"bd93f38a-393a-4ff0-8b3d-a302860afad3","parentUUID":"b1e631a9-0371-4951-8708-5cbdd57eaaea","isHook":false,"skipped":false}],"suites":[],"passes":["73649974-eb4d-48b9-a71d-8730f5e9cdbc","28c4961c-ff0c-4ad0-aeef-455acf59660f","bd93f38a-393a-4ff0-8b3d-a302860afad3"],"failures":[],"pending":[],"skipped":[],"duration":88348,"root":false,"rootEmpty":false,"_timeout":2000}],"passes":[],"failures":[],"pending":[],"skipped":[],"duration":0,"root":true,"rootEmpty":true,"_timeout":2000}],"meta":{"mocha":{"version":"7.0.1"},"mochawesome":{"options":{"quiet":false,"reportFilename":"mochawesome","saveHtml":false,"saveJson":true,"consoleReporter":"spec","useInlineDiffs":false,"code":true},"version":"7.1.3"},"marge":{"options":{"reportDir":"cypress/reports","overwrite":false,"html":false,"json":true,"timestamp":"YYYY-MM-DD HH:mm:ss"},"version":"6.2.0"}}}